Using pre-set license
Built from '2020.3/staging' branch; Version is '2020.3.32f1 (12f8b0834f07) revision 1243312'; Using compiler version '192528614'; Build Type 'Release'
OS: 'Windows 10  (10.0.19043) 64bit Core' Language: 'ru' Physical Memory: 8182 MB
BatchMode: 1, IsHumanControllingUs: 0, StartBugReporterOnCrash: 0, Is64bit: 1, IsPro: 0

COMMAND LINE ARGUMENTS:
C:\Program Files\Unity\Hub\Editor\2020.3.32f1\Editor\Unity.exe
-adb2
-batchMode
-noUpm
-name
AssetImportWorker0
-projectPath
C:/Users/Dannaki/Documents/FromConstructor
-logFile
Logs/AssetImportWorker0.log
-srvPort
57390
Successfully changed project path to: C:/Users/Dannaki/Documents/FromConstructor
C:/Users/Dannaki/Documents/FromConstructor
Using Asset Import Pipeline V2.
Refreshing native plugins compatible for Editor in 244.50 ms, found 2 plugins.
Preloading 0 native plugins for Editor in 0.00 ms.
Initialize engine version: 2020.3.32f1 (12f8b0834f07)
[Subsystems] Discovering subsystems at path C:/Program Files/Unity/Hub/Editor/2020.3.32f1/Editor/Data/Resources/UnitySubsystems
[Subsystems] Discovering subsystems at path C:/Users/Dannaki/Documents/FromConstructor/Assets
GfxDevice: creating device client; threaded=0
Direct3D:
    Version:  Direct3D 11.0 [level 11.0]
    Renderer: NVIDIA GeForce GT 440 (ID=0xde0)
    Vendor:   
    VRAM:     979 MB
    Driver:   23.21.13.8813
Initialize mono
Mono path[0] = 'C:/Program Files/Unity/Hub/Editor/2020.3.32f1/Editor/Data/Managed'
Mono path[1] = 'C:/Program Files/Unity/Hub/Editor/2020.3.32f1/Editor/Data/MonoBleedingEdge/lib/mono/unityjit'
Mono config path = 'C:/Program Files/Unity/Hub/Editor/2020.3.32f1/Editor/Data/MonoBleedingEdge/etc'
Using monoOptions --debugger-agent=transport=dt_socket,embedding=1,server=y,suspend=n,address=127.0.0.1:56036
Begin MonoManager ReloadAssembly
Registering precompiled unity dll's ...
Register platform support module: C:/Program Files/Unity/Hub/Editor/2020.3.32f1/Editor/Data/PlaybackEngines/WindowsStandaloneSupport/UnityEditor.WindowsStandalone.Extensions.dll
Registered in 0.012360 seconds.
Native extension for WindowsStandalone target not found
Refreshing native plugins compatible for Editor in 86.55 ms, found 2 plugins.
Preloading 0 native plugins for Editor in 0.00 ms.
Mono: successfully reloaded assembly
- Completed reload, in  4.097 seconds
Domain Reload Profiling:
	ReloadAssembly (4097ms)
		BeginReloadAssembly (550ms)
			ExecutionOrderSort (0ms)
			DisableScriptedObjects (0ms)
			BackupInstance (0ms)
			ReleaseScriptingObjects (0ms)
			CreateAndSetChildDomain (9ms)
		EndReloadAssembly (3068ms)
			LoadAssemblies (537ms)
			RebuildTransferFunctionScriptingTraits (0ms)
			SetupTypeCache (1513ms)
			ReleaseScriptCaches (0ms)
			RebuildScriptCaches (174ms)
			SetupLoadedEditorAssemblies (618ms)
				LogAssemblyErrors (0ms)
				InitializePlatformSupportModulesInManaged (17ms)
				SetLoadedEditorAssemblies (1ms)
				RefreshPlugins (87ms)
				BeforeProcessingInitializeOnLoad (58ms)
				ProcessInitializeOnLoadAttributes (364ms)
				ProcessInitializeOnLoadMethodAttributes (90ms)
				AfterProcessingInitializeOnLoad (0ms)
				EditorAssembliesLoaded (1ms)
			ExecutionOrderSort2 (0ms)
			AwakeInstancesAfterBackupRestoration (0ms)
Platform modules already initialized, skipping
Registering precompiled user dll's ...
Registered in 0.007162 seconds.
Begin MonoManager ReloadAssembly
Native extension for WindowsStandalone target not found
Refreshing native plugins compatible for Editor in 0.75 ms, found 2 plugins.
Preloading 0 native plugins for Editor in 0.00 ms.
Mono: successfully reloaded assembly
- Completed reload, in  4.701 seconds
Domain Reload Profiling:
	ReloadAssembly (4708ms)
		BeginReloadAssembly (1436ms)
			ExecutionOrderSort (0ms)
			DisableScriptedObjects (761ms)
			BackupInstance (0ms)
			ReleaseScriptingObjects (0ms)
			CreateAndSetChildDomain (86ms)
		EndReloadAssembly (2997ms)
			LoadAssemblies (405ms)
			RebuildTransferFunctionScriptingTraits (0ms)
			SetupTypeCache (827ms)
			ReleaseScriptCaches (1ms)
			RebuildScriptCaches (147ms)
			SetupLoadedEditorAssemblies (1421ms)
				LogAssemblyErrors (0ms)
				InitializePlatformSupportModulesInManaged (14ms)
				SetLoadedEditorAssemblies (1ms)
				RefreshPlugins (1ms)
				BeforeProcessingInitializeOnLoad (619ms)
				ProcessInitializeOnLoadAttributes (741ms)
				ProcessInitializeOnLoadMethodAttributes (28ms)
				AfterProcessingInitializeOnLoad (15ms)
				EditorAssembliesLoaded (2ms)
			ExecutionOrderSort2 (0ms)
			AwakeInstancesAfterBackupRestoration (20ms)
Platform modules already initialized, skipping
========================================================================
Worker process is ready to serve import requests
Launched and connected shader compiler UnityShaderCompiler.exe after 0.42 seconds
Refreshing native plugins compatible for Editor in 5.02 ms, found 2 plugins.
Preloading 0 native plugins for Editor in 0.00 ms.
Unloading 1561 Unused Serialized files (Serialized files now loaded: 0)
System memory in use before: 77.4 MB.
System memory in use after: 77.5 MB.

Unloading 16 unused Assets to reduce memory usage. Loaded Objects now: 2006.
Total: 17.944900 ms (FindLiveObjects: 0.527700 ms CreateObjectMapping: 0.291400 ms MarkObjects: 16.855400 ms  DeleteObjects: 0.267000 ms)

AssetImportParameters requested are different than current active one (requested -> active):
  custom:framework-win-MediaFoundation: 216162199b28c13a410421893ffa2e32 -> 
  custom:video-decoder-ogg-theora: a1e56fd34408186e4bbccfd4996cb3dc -> 
  custom:container-muxer-webm: aa71ff27fc2769a1b78a27578f13a17b -> 
  custom:container-demuxer-webm: 4f35f7cbe854078d1ac9338744f61a02 -> 
  custom:container-demuxer-ogg: 62fdf1f143b41e24485cea50d1cbac27 -> 
  custom:video-encoder-webm-vp8: eb34c28f22e8b96e1ab97ce403110664 -> 
  custom:video-decoder-webm-vp8: 9c59270c3fd7afecdb556c50c9e8de78 -> 
  custom:audio-decoder-ogg-vorbis: bf7c407c2cedff20999df2af8eb42d56 -> 
  custom:audio-encoder-webm-vorbis: bf7c407c2cedff20999df2af8eb42d56 -> 
========================================================================
Received Import Request.
  path: Assets/Scripts/LoadLevel/LoadLevel.cs
  artifactKey: Guid(606c7988eb2559c4c8c59e2f845d9dcf) Importer(815301076,1909f56bfc062723c751e8b465ee728b)
Start importing Assets/Scripts/LoadLevel/LoadLevel.cs using Guid(606c7988eb2559c4c8c59e2f845d9dcf) Importer(815301076,1909f56bfc062723c751e8b465ee728b)  -> (artifact id: '327eb314bce6b4f47917c363c2a1d552') in 0.089529 seconds 
========================================================================
Received Import Request.
  Time since last request: 2608.236648 seconds.
  path: Assets/Meshes/Plam
  artifactKey: Guid(03024d63aaf8fb5449f39897a5ab4af6) Importer(815301076,1909f56bfc062723c751e8b465ee728b)
Start importing Assets/Meshes/Plam using Guid(03024d63aaf8fb5449f39897a5ab4af6) Importer(815301076,1909f56bfc062723c751e8b465ee728b)  -> (artifact id: '001f12a3a01f7ee6e28fca7dcf3e14a4') in 0.009327 seconds 
========================================================================
Received Import Request.
  Time since last request: 6.719480 seconds.
  path: Assets/Meshes/Palm
  artifactKey: Guid(03024d63aaf8fb5449f39897a5ab4af6) Importer(815301076,1909f56bfc062723c751e8b465ee728b)
Start importing Assets/Meshes/Palm using Guid(03024d63aaf8fb5449f39897a5ab4af6) Importer(815301076,1909f56bfc062723c751e8b465ee728b)  -> (artifact id: 'ab73fbb227fbf6d899c4f9c8fc980325') in 0.006886 seconds 
========================================================================
Received Import Request.
  Time since last request: 157.566526 seconds.
  path: Assets/Meshes/Palm/palm.fbx
  artifactKey: Guid(46eb33a01c76d934cb525fd43fe816fd) Importer(815301076,1909f56bfc062723c751e8b465ee728b)
Start importing Assets/Meshes/Palm/palm.fbx using Guid(46eb33a01c76d934cb525fd43fe816fd) Importer(815301076,1909f56bfc062723c751e8b465ee728b)  -> (artifact id: '14b1a982570b91394323669715ffafad') in 0.583859 seconds 
========================================================================
Received Import Request.
  Time since last request: 31.844768 seconds.
  path: Assets/Meshes/Palm/palm.fbx
  artifactKey: Guid(46eb33a01c76d934cb525fd43fe816fd) Importer(815301076,1909f56bfc062723c751e8b465ee728b)
Start importing Assets/Meshes/Palm/palm.fbx using Guid(46eb33a01c76d934cb525fd43fe816fd) Importer(815301076,1909f56bfc062723c751e8b465ee728b)  -> (artifact id: '7b0915d4b784931822d035197462cb0d') in 0.076173 seconds 
========================================================================
Received Import Request.
  Time since last request: 0.000497 seconds.
  path: Assets/Meshes/Palm/plam_leaf.png
  artifactKey: Guid(20e71ca3f76ad7342b485c9cb94a7cec) Importer(815301076,1909f56bfc062723c751e8b465ee728b)
Start importing Assets/Meshes/Palm/plam_leaf.png using Guid(20e71ca3f76ad7342b485c9cb94a7cec) Importer(815301076,1909f56bfc062723c751e8b465ee728b)  -> (artifact id: '913faa80c45e15ba1de602d943bd3718') in 0.047773 seconds 
========================================================================
Received Import Request.
  Time since last request: 11.365159 seconds.
  path: Assets/Meshes/Palm/plam_leaf.png
  artifactKey: Guid(20e71ca3f76ad7342b485c9cb94a7cec) Importer(815301076,1909f56bfc062723c751e8b465ee728b)
Start importing Assets/Meshes/Palm/plam_leaf.png using Guid(20e71ca3f76ad7342b485c9cb94a7cec) Importer(815301076,1909f56bfc062723c751e8b465ee728b)  -> (artifact id: '39cc4a8fbff13564d15f071a91bcfa3c') in 0.020212 seconds 
========================================================================
Received Import Request.
  Time since last request: 5.033123 seconds.
  path: Assets/Meshes/Palm/palm.fbx
  artifactKey: Guid(46eb33a01c76d934cb525fd43fe816fd) Importer(815301076,1909f56bfc062723c751e8b465ee728b)
Start importing Assets/Meshes/Palm/palm.fbx using Guid(46eb33a01c76d934cb525fd43fe816fd) Importer(815301076,1909f56bfc062723c751e8b465ee728b)  -> (artifact id: '5fe7eb09ff6a61e75d3ce1cb39da389a') in 0.095967 seconds 
========================================================================
Received Import Request.
  Time since last request: 0.000503 seconds.
  path: Assets/Meshes/Palm/palm_base.png
  artifactKey: Guid(755a8b2c2f754d349933eb3e459908c6) Importer(815301076,1909f56bfc062723c751e8b465ee728b)
Start importing Assets/Meshes/Palm/palm_base.png using Guid(755a8b2c2f754d349933eb3e459908c6) Importer(815301076,1909f56bfc062723c751e8b465ee728b)  -> (artifact id: '4a78d955f17dc3ad56282a9cb87cab88') in 0.018921 seconds 
========================================================================
Received Import Request.
  Time since last request: 27.230810 seconds.
  path: Assets/Meshes/Palm/palm_base.png
  artifactKey: Guid(755a8b2c2f754d349933eb3e459908c6) Importer(815301076,1909f56bfc062723c751e8b465ee728b)
Start importing Assets/Meshes/Palm/palm_base.png using Guid(755a8b2c2f754d349933eb3e459908c6) Importer(815301076,1909f56bfc062723c751e8b465ee728b)  -> (artifact id: '68fe33e81a0cfdf1f2f5beb79e232f44') in 0.019369 seconds 
========================================================================
Received Import Request.
  Time since last request: 30.569658 seconds.
  path: Assets/Meshes/Palm/palm_base.mat
  artifactKey: Guid(85d5698f486267e46baf60e348d5fb06) Importer(815301076,1909f56bfc062723c751e8b465ee728b)
Start importing Assets/Meshes/Palm/palm_base.mat using Guid(85d5698f486267e46baf60e348d5fb06) Importer(815301076,1909f56bfc062723c751e8b465ee728b)  -> (artifact id: 'abbff7f0f452da384fca7b753aa0b302') in 0.029455 seconds 
========================================================================
Received Import Request.
  Time since last request: 45.364247 seconds.
  path: Assets/Meshes/Palm/palm.fbx
  artifactKey: Guid(46eb33a01c76d934cb525fd43fe816fd) Importer(815301076,1909f56bfc062723c751e8b465ee728b)
Start importing Assets/Meshes/Palm/palm.fbx using Guid(46eb33a01c76d934cb525fd43fe816fd) Importer(815301076,1909f56bfc062723c751e8b465ee728b)  -> (artifact id: 'e9d9e148e33bbfacc0e90476ae51f0a8') in 0.068765 seconds 
========================================================================
Received Import Request.
  Time since last request: 18.269057 seconds.
  path: Assets/Meshes/Palm/palm_leaf.mat
  artifactKey: Guid(e63da29d92a81ba4b9e92d5c80b89023) Importer(815301076,1909f56bfc062723c751e8b465ee728b)
Start importing Assets/Meshes/Palm/palm_leaf.mat using Guid(e63da29d92a81ba4b9e92d5c80b89023) Importer(815301076,1909f56bfc062723c751e8b465ee728b)  -> (artifact id: '3180fe936755e60f7eecbf66cd4ac88c') in 0.021585 seconds 
========================================================================
Received Import Request.
  Time since last request: 52.491063 seconds.
  path: Assets/Meshes/Palm/palm.fbx
  artifactKey: Guid(46eb33a01c76d934cb525fd43fe816fd) Importer(815301076,1909f56bfc062723c751e8b465ee728b)
Start importing Assets/Meshes/Palm/palm.fbx using Guid(46eb33a01c76d934cb525fd43fe816fd) Importer(815301076,1909f56bfc062723c751e8b465ee728b)  -> (artifact id: 'f4872453c844e974ef180d03a7506cc8') in 0.059505 seconds 
========================================================================
Received Prepare
Registering precompiled user dll's ...
Registered in 0.010760 seconds.
Begin MonoManager ReloadAssembly
Native extension for WindowsStandalone target not found
Refreshing native plugins compatible for Editor in 0.68 ms, found 2 plugins.
Preloading 0 native plugins for Editor in 0.00 ms.
Mono: successfully reloaded assembly
- Completed reload, in  2.456 seconds
Domain Reload Profiling:
	ReloadAssembly (2457ms)
		BeginReloadAssembly (337ms)
			ExecutionOrderSort (0ms)
			DisableScriptedObjects (15ms)
			BackupInstance (0ms)
			ReleaseScriptingObjects (0ms)
			CreateAndSetChildDomain (120ms)
		EndReloadAssembly (1954ms)
			LoadAssemblies (252ms)
			RebuildTransferFunctionScriptingTraits (0ms)
			SetupTypeCache (610ms)
			ReleaseScriptCaches (1ms)
			RebuildScriptCaches (102ms)
			SetupLoadedEditorAssemblies (785ms)
				LogAssemblyErrors (0ms)
				InitializePlatformSupportModulesInManaged (11ms)
				SetLoadedEditorAssemblies (1ms)
				RefreshPlugins (1ms)
				BeforeProcessingInitializeOnLoad (184ms)
				ProcessInitializeOnLoadAttributes (543ms)
				ProcessInitializeOnLoadMethodAttributes (28ms)
				AfterProcessingInitializeOnLoad (17ms)
				EditorAssembliesLoaded (1ms)
			ExecutionOrderSort2 (0ms)
			AwakeInstancesAfterBackupRestoration (26ms)
Platform modules already initialized, skipping
Refreshing native plugins compatible for Editor in 0.73 ms, found 2 plugins.
Preloading 0 native plugins for Editor in 0.00 ms.
Unloading 1538 Unused Serialized files (Serialized files now loaded: 0)
System memory in use before: 79.1 MB.
System memory in use after: 79.2 MB.

Unloading 11 unused Assets to reduce memory usage. Loaded Objects now: 2054.
Total: 6.599300 ms (FindLiveObjects: 0.480100 ms CreateObjectMapping: 0.159200 ms MarkObjects: 5.911500 ms  DeleteObjects: 0.045500 ms)

AssetImportParameters requested are different than current active one (requested -> active):
  custom:framework-win-MediaFoundation: 216162199b28c13a410421893ffa2e32 -> 
  custom:video-decoder-ogg-theora: a1e56fd34408186e4bbccfd4996cb3dc -> 
  custom:container-muxer-webm: aa71ff27fc2769a1b78a27578f13a17b -> 
  custom:container-demuxer-webm: 4f35f7cbe854078d1ac9338744f61a02 -> 
  custom:container-demuxer-ogg: 62fdf1f143b41e24485cea50d1cbac27 -> 
  custom:video-encoder-webm-vp8: eb34c28f22e8b96e1ab97ce403110664 -> 
  custom:video-decoder-webm-vp8: 9c59270c3fd7afecdb556c50c9e8de78 -> 
  custom:audio-decoder-ogg-vorbis: bf7c407c2cedff20999df2af8eb42d56 -> 
  custom:audio-encoder-webm-vorbis: bf7c407c2cedff20999df2af8eb42d56 -> 
========================================================================
Received Import Request.
  Time since last request: 757.726853 seconds.
  path: Assets/Resources/Objects/palm.prefab
  artifactKey: Guid(1bc8c4d09d6d74841aa41df12bdc4120) Importer(815301076,1909f56bfc062723c751e8b465ee728b)
Start importing Assets/Resources/Objects/palm.prefab using Guid(1bc8c4d09d6d74841aa41df12bdc4120) Importer(815301076,1909f56bfc062723c751e8b465ee728b)  -> (artifact id: '6c8482583b70cc11352a7471ecb022ab') in 0.245541 seconds 
========================================================================
Received Import Request.
  Time since last request: 2782.208813 seconds.
  path: Assets/Meshes/Barrel/barrel.fbx
  artifactKey: Guid(0230a53e93a6a2543ba3586c758fea8c) Importer(815301076,1909f56bfc062723c751e8b465ee728b)
Start importing Assets/Meshes/Barrel/barrel.fbx using Guid(0230a53e93a6a2543ba3586c758fea8c) Importer(815301076,1909f56bfc062723c751e8b465ee728b)  -> (artifact id: '83347471e20b48d12888eacaaacb298f') in 0.161480 seconds 
========================================================================
Received Import Request.
  Time since last request: 0.000482 seconds.
  path: Assets/Meshes/Barrel/barrel_material.png
  artifactKey: Guid(69f49636e8b71ec4db910ef541a97254) Importer(815301076,1909f56bfc062723c751e8b465ee728b)
Start importing Assets/Meshes/Barrel/barrel_material.png using Guid(69f49636e8b71ec4db910ef541a97254) Importer(815301076,1909f56bfc062723c751e8b465ee728b)  -> (artifact id: '1b3626c79e51954601fb4d77aa71b860') in 0.079027 seconds 
========================================================================
Received Import Request.
  Time since last request: 205.189451 seconds.
  path: Assets/Meshes/Barrel/barrel_material.png
  artifactKey: Guid(69f49636e8b71ec4db910ef541a97254) Importer(815301076,1909f56bfc062723c751e8b465ee728b)
Start importing Assets/Meshes/Barrel/barrel_material.png using Guid(69f49636e8b71ec4db910ef541a97254) Importer(815301076,1909f56bfc062723c751e8b465ee728b)  -> (artifact id: '5886613ddd70881d3240f5473ccdfde6') in 0.054109 seconds 
========================================================================
Received Import Request.
  Time since last request: 15.839932 seconds.
  path: Assets/Meshes/Barrel/barrel_base.mat
  artifactKey: Guid(40f4c835127b80346976db1fa1bbb8d7) Importer(815301076,1909f56bfc062723c751e8b465ee728b)
Start importing Assets/Meshes/Barrel/barrel_base.mat using Guid(40f4c835127b80346976db1fa1bbb8d7) Importer(815301076,1909f56bfc062723c751e8b465ee728b)  -> (artifact id: 'c148a8470b8d2b28bf390ef9f37299c5') in 0.080418 seconds 
========================================================================
Received Import Request.
  Time since last request: 17.652170 seconds.
  path: Assets/Meshes/Barrel/barrel.fbx
  artifactKey: Guid(0230a53e93a6a2543ba3586c758fea8c) Importer(815301076,1909f56bfc062723c751e8b465ee728b)
Start importing Assets/Meshes/Barrel/barrel.fbx using Guid(0230a53e93a6a2543ba3586c758fea8c) Importer(815301076,1909f56bfc062723c751e8b465ee728b)  -> (artifact id: '23d2a20786a158d8d4c413d021b09002') in 0.041021 seconds 
========================================================================
Received Import Request.
  Time since last request: 43.806453 seconds.
  path: Assets/Meshes/Barrel/barrel_base.mat
  artifactKey: Guid(40f4c835127b80346976db1fa1bbb8d7) Importer(815301076,1909f56bfc062723c751e8b465ee728b)
Start importing Assets/Meshes/Barrel/barrel_base.mat using Guid(40f4c835127b80346976db1fa1bbb8d7) Importer(815301076,1909f56bfc062723c751e8b465ee728b)  -> (artifact id: '956136829734542ebd8f2468d71c95dc') in 0.026729 seconds 
========================================================================
Received Import Request.
  Time since last request: 22.451806 seconds.
  path: Assets/Resources/PAK1.asset
  artifactKey: Guid(603fbda1c216f9b4a9c75b1ac7c03df0) Importer(815301076,1909f56bfc062723c751e8b465ee728b)
Start importing Assets/Resources/PAK1.asset using Guid(603fbda1c216f9b4a9c75b1ac7c03df0) Importer(815301076,1909f56bfc062723c751e8b465ee728b)  -> (artifact id: 'a6a1190da8a2da43ab6f90e66a9d408b') in 0.047786 seconds 
========================================================================
Received Import Request.
  Time since last request: 4.831501 seconds.
  path: Assets/Resources/Objects/barrel.prefab
  artifactKey: Guid(ecfbf5514ef0d174cba6d8800002494f) Importer(815301076,1909f56bfc062723c751e8b465ee728b)
Start importing Assets/Resources/Objects/barrel.prefab using Guid(ecfbf5514ef0d174cba6d8800002494f) Importer(815301076,1909f56bfc062723c751e8b465ee728b)  -> (artifact id: 'adce42795eabcdf74952587ddb2ae262') in 0.024417 seconds 
========================================================================
Received Import Request.
  Time since last request: 34.688657 seconds.
  path: Assets/Resources/PAK1.asset
  artifactKey: Guid(603fbda1c216f9b4a9c75b1ac7c03df0) Importer(815301076,1909f56bfc062723c751e8b465ee728b)
Start importing Assets/Resources/PAK1.asset using Guid(603fbda1c216f9b4a9c75b1ac7c03df0) Importer(815301076,1909f56bfc062723c751e8b465ee728b)  -> (artifact id: 'ea008c7dcfef24ac691f893230a8daaa') in 0.042611 seconds 
========================================================================
Received Import Request.
  Time since last request: 141.846385 seconds.
  path: Assets/Resources/PAK1.asset
  artifactKey: Guid(603fbda1c216f9b4a9c75b1ac7c03df0) Importer(815301076,1909f56bfc062723c751e8b465ee728b)
Start importing Assets/Resources/PAK1.asset using Guid(603fbda1c216f9b4a9c75b1ac7c03df0) Importer(815301076,1909f56bfc062723c751e8b465ee728b)  -> (artifact id: '3f006d44ccdf7d445f178cacb81a1c1a') in 0.061581 seconds 
========================================================================
Received Prepare
Registering precompiled user dll's ...
Registered in 0.005985 seconds.
Begin MonoManager ReloadAssembly
Native extension for WindowsStandalone target not found
Refreshing native plugins compatible for Editor in 0.74 ms, found 2 plugins.
Preloading 0 native plugins for Editor in 0.00 ms.
Mono: successfully reloaded assembly
- Completed reload, in  2.563 seconds
Domain Reload Profiling:
	ReloadAssembly (2564ms)
		BeginReloadAssembly (484ms)
			ExecutionOrderSort (0ms)
			DisableScriptedObjects (38ms)
			BackupInstance (0ms)
			ReleaseScriptingObjects (0ms)
			CreateAndSetChildDomain (185ms)
		EndReloadAssembly (1920ms)
			LoadAssemblies (302ms)
			RebuildTransferFunctionScriptingTraits (0ms)
			SetupTypeCache (626ms)
			ReleaseScriptCaches (1ms)
			RebuildScriptCaches (110ms)
			SetupLoadedEditorAssemblies (736ms)
				LogAssemblyErrors (0ms)
				InitializePlatformSupportModulesInManaged (12ms)
				SetLoadedEditorAssemblies (1ms)
				RefreshPlugins (1ms)
				BeforeProcessingInitializeOnLoad (189ms)
				ProcessInitializeOnLoadAttributes (497ms)
				ProcessInitializeOnLoadMethodAttributes (23ms)
				AfterProcessingInitializeOnLoad (11ms)
				EditorAssembliesLoaded (1ms)
			ExecutionOrderSort2 (0ms)
			AwakeInstancesAfterBackupRestoration (18ms)
Platform modules already initialized, skipping
Refreshing native plugins compatible for Editor in 0.70 ms, found 2 plugins.
Preloading 0 native plugins for Editor in 0.00 ms.
Unloading 1538 Unused Serialized files (Serialized files now loaded: 0)
System memory in use before: 83.9 MB.
System memory in use after: 84.0 MB.

Unloading 11 unused Assets to reduce memory usage. Loaded Objects now: 2063.
Total: 5.686300 ms (FindLiveObjects: 0.437000 ms CreateObjectMapping: 0.145500 ms MarkObjects: 5.055900 ms  DeleteObjects: 0.044700 ms)

AssetImportParameters requested are different than current active one (requested -> active):
  custom:framework-win-MediaFoundation: 216162199b28c13a410421893ffa2e32 -> 
  custom:video-decoder-ogg-theora: a1e56fd34408186e4bbccfd4996cb3dc -> 
  custom:container-muxer-webm: aa71ff27fc2769a1b78a27578f13a17b -> 
  custom:container-demuxer-webm: 4f35f7cbe854078d1ac9338744f61a02 -> 
  custom:container-demuxer-ogg: 62fdf1f143b41e24485cea50d1cbac27 -> 
  custom:video-encoder-webm-vp8: eb34c28f22e8b96e1ab97ce403110664 -> 
  custom:video-decoder-webm-vp8: 9c59270c3fd7afecdb556c50c9e8de78 -> 
  custom:audio-decoder-ogg-vorbis: bf7c407c2cedff20999df2af8eb42d56 -> 
  custom:audio-encoder-webm-vorbis: bf7c407c2cedff20999df2af8eb42d56 -> 
========================================================================
Received Prepare
Registering precompiled user dll's ...
Registered in 0.004899 seconds.
Begin MonoManager ReloadAssembly
Native extension for WindowsStandalone target not found
Refreshing native plugins compatible for Editor in 0.68 ms, found 2 plugins.
Preloading 0 native plugins for Editor in 0.00 ms.
Mono: successfully reloaded assembly
- Completed reload, in  2.234 seconds
Domain Reload Profiling:
	ReloadAssembly (2235ms)
		BeginReloadAssembly (262ms)
			ExecutionOrderSort (0ms)
			DisableScriptedObjects (12ms)
			BackupInstance (0ms)
			ReleaseScriptingObjects (0ms)
			CreateAndSetChildDomain (65ms)
		EndReloadAssembly (1829ms)
			LoadAssemblies (255ms)
			RebuildTransferFunctionScriptingTraits (0ms)
			SetupTypeCache (569ms)
			ReleaseScriptCaches (1ms)
			RebuildScriptCaches (100ms)
			SetupLoadedEditorAssemblies (720ms)
				LogAssemblyErrors (0ms)
				InitializePlatformSupportModulesInManaged (13ms)
				SetLoadedEditorAssemblies (1ms)
				RefreshPlugins (1ms)
				BeforeProcessingInitializeOnLoad (183ms)
				ProcessInitializeOnLoadAttributes (488ms)
				ProcessInitializeOnLoadMethodAttributes (22ms)
				AfterProcessingInitializeOnLoad (12ms)
				EditorAssembliesLoaded (1ms)
			ExecutionOrderSort2 (0ms)
			AwakeInstancesAfterBackupRestoration (15ms)
Platform modules already initialized, skipping
Refreshing native plugins compatible for Editor in 0.81 ms, found 2 plugins.
Preloading 0 native plugins for Editor in 0.00 ms.
Unloading 1538 Unused Serialized files (Serialized files now loaded: 0)
System memory in use before: 83.9 MB.
System memory in use after: 84.0 MB.

Unloading 11 unused Assets to reduce memory usage. Loaded Objects now: 2066.
Total: 5.774100 ms (FindLiveObjects: 0.460900 ms CreateObjectMapping: 0.172400 ms MarkObjects: 5.085600 ms  DeleteObjects: 0.052400 ms)

AssetImportParameters requested are different than current active one (requested -> active):
  custom:framework-win-MediaFoundation: 216162199b28c13a410421893ffa2e32 -> 
  custom:video-decoder-ogg-theora: a1e56fd34408186e4bbccfd4996cb3dc -> 
  custom:container-muxer-webm: aa71ff27fc2769a1b78a27578f13a17b -> 
  custom:container-demuxer-webm: 4f35f7cbe854078d1ac9338744f61a02 -> 
  custom:container-demuxer-ogg: 62fdf1f143b41e24485cea50d1cbac27 -> 
  custom:video-encoder-webm-vp8: eb34c28f22e8b96e1ab97ce403110664 -> 
  custom:video-decoder-webm-vp8: 9c59270c3fd7afecdb556c50c9e8de78 -> 
  custom:audio-decoder-ogg-vorbis: bf7c407c2cedff20999df2af8eb42d56 -> 
  custom:audio-encoder-webm-vorbis: bf7c407c2cedff20999df2af8eb42d56 -> 
========================================================================
Received Prepare
Registering precompiled user dll's ...
Registered in 0.007014 seconds.
Begin MonoManager ReloadAssembly
Native extension for WindowsStandalone target not found
Refreshing native plugins compatible for Editor in 0.85 ms, found 2 plugins.
Preloading 0 native plugins for Editor in 0.00 ms.
Mono: successfully reloaded assembly
- Completed reload, in  2.451 seconds
Domain Reload Profiling:
	ReloadAssembly (2452ms)
		BeginReloadAssembly (285ms)
			ExecutionOrderSort (0ms)
			DisableScriptedObjects (12ms)
			BackupInstance (0ms)
			ReleaseScriptingObjects (2ms)
			CreateAndSetChildDomain (66ms)
		EndReloadAssembly (2002ms)
			LoadAssemblies (259ms)
			RebuildTransferFunctionScriptingTraits (0ms)
			SetupTypeCache (574ms)
			ReleaseScriptCaches (1ms)
			RebuildScriptCaches (116ms)
			SetupLoadedEditorAssemblies (832ms)
				LogAssemblyErrors (0ms)
				InitializePlatformSupportModulesInManaged (14ms)
				SetLoadedEditorAssemblies (1ms)
				RefreshPlugins (1ms)
				BeforeProcessingInitializeOnLoad (211ms)
				ProcessInitializeOnLoadAttributes (560ms)
				ProcessInitializeOnLoadMethodAttributes (29ms)
				AfterProcessingInitializeOnLoad (15ms)
				EditorAssembliesLoaded (1ms)
			ExecutionOrderSort2 (0ms)
			AwakeInstancesAfterBackupRestoration (19ms)
Platform modules already initialized, skipping
Refreshing native plugins compatible for Editor in 0.93 ms, found 2 plugins.
Preloading 0 native plugins for Editor in 0.00 ms.
Unloading 1538 Unused Serialized files (Serialized files now loaded: 0)
System memory in use before: 83.9 MB.
System memory in use after: 84.0 MB.

Unloading 11 unused Assets to reduce memory usage. Loaded Objects now: 2069.
Total: 7.399300 ms (FindLiveObjects: 0.468300 ms CreateObjectMapping: 0.176000 ms MarkObjects: 6.675000 ms  DeleteObjects: 0.077600 ms)

AssetImportParameters requested are different than current active one (requested -> active):
  custom:framework-win-MediaFoundation: 216162199b28c13a410421893ffa2e32 -> 
  custom:video-decoder-ogg-theora: a1e56fd34408186e4bbccfd4996cb3dc -> 
  custom:container-muxer-webm: aa71ff27fc2769a1b78a27578f13a17b -> 
  custom:container-demuxer-webm: 4f35f7cbe854078d1ac9338744f61a02 -> 
  custom:container-demuxer-ogg: 62fdf1f143b41e24485cea50d1cbac27 -> 
  custom:video-encoder-webm-vp8: eb34c28f22e8b96e1ab97ce403110664 -> 
  custom:video-decoder-webm-vp8: 9c59270c3fd7afecdb556c50c9e8de78 -> 
  custom:audio-decoder-ogg-vorbis: bf7c407c2cedff20999df2af8eb42d56 -> 
  custom:audio-encoder-webm-vorbis: bf7c407c2cedff20999df2af8eb42d56 -> 
========================================================================
Received Import Request.
  Time since last request: 240.229643 seconds.
  path: Assets/Resources/Objects/palm.prefab
  artifactKey: Guid(1bc8c4d09d6d74841aa41df12bdc4120) Importer(815301076,1909f56bfc062723c751e8b465ee728b)
Start importing Assets/Resources/Objects/palm.prefab using Guid(1bc8c4d09d6d74841aa41df12bdc4120) Importer(815301076,1909f56bfc062723c751e8b465ee728b)  -> (artifact id: 'd3e9eece9168584c347d690c7d705b54') in 0.211838 seconds 
========================================================================
Received Import Request.
  Time since last request: 32.895449 seconds.
  path: Assets/Resources/Objects/barrel.prefab
  artifactKey: Guid(ecfbf5514ef0d174cba6d8800002494f) Importer(815301076,1909f56bfc062723c751e8b465ee728b)
Start importing Assets/Resources/Objects/barrel.prefab using Guid(ecfbf5514ef0d174cba6d8800002494f) Importer(815301076,1909f56bfc062723c751e8b465ee728b)  -> (artifact id: '24a14b1075e9cd668d6b324303346f01') in 0.027390 seconds 
========================================================================
Received Import Request.
  Time since last request: 8.498766 seconds.
  path: Assets/Resources/Objects/barrel.prefab
  artifactKey: Guid(ecfbf5514ef0d174cba6d8800002494f) Importer(815301076,1909f56bfc062723c751e8b465ee728b)
Start importing Assets/Resources/Objects/barrel.prefab using Guid(ecfbf5514ef0d174cba6d8800002494f) Importer(815301076,1909f56bfc062723c751e8b465ee728b)  -> (artifact id: '8b8cd2d7f4676f93c35db25d5f763ad5') in 0.028039 seconds 
========================================================================
Received Prepare
Registering precompiled user dll's ...
Registered in 0.007070 seconds.
Begin MonoManager ReloadAssembly
Native extension for WindowsStandalone target not found
Refreshing native plugins compatible for Editor in 0.68 ms, found 2 plugins.
Preloading 0 native plugins for Editor in 0.00 ms.
Mono: successfully reloaded assembly
- Completed reload, in  2.283 seconds
Domain Reload Profiling:
	ReloadAssembly (2284ms)
		BeginReloadAssembly (259ms)
			ExecutionOrderSort (0ms)
			DisableScriptedObjects (12ms)
			BackupInstance (0ms)
			ReleaseScriptingObjects (0ms)
			CreateAndSetChildDomain (64ms)
		EndReloadAssembly (1872ms)
			LoadAssemblies (242ms)
			RebuildTransferFunctionScriptingTraits (0ms)
			SetupTypeCache (603ms)
			ReleaseScriptCaches (1ms)
			RebuildScriptCaches (113ms)
			SetupLoadedEditorAssemblies (714ms)
				LogAssemblyErrors (0ms)
				InitializePlatformSupportModulesInManaged (13ms)
				SetLoadedEditorAssemblies (1ms)
				RefreshPlugins (1ms)
				BeforeProcessingInitializeOnLoad (188ms)
				ProcessInitializeOnLoadAttributes (475ms)
				ProcessInitializeOnLoadMethodAttributes (22ms)
				AfterProcessingInitializeOnLoad (13ms)
				EditorAssembliesLoaded (1ms)
			ExecutionOrderSort2 (0ms)
			AwakeInstancesAfterBackupRestoration (17ms)
Platform modules already initialized, skipping
Refreshing native plugins compatible for Editor in 0.79 ms, found 2 plugins.
Preloading 0 native plugins for Editor in 0.00 ms.
Unloading 1538 Unused Serialized files (Serialized files now loaded: 0)
System memory in use before: 83.9 MB.
System memory in use after: 84.0 MB.

Unloading 11 unused Assets to reduce memory usage. Loaded Objects now: 2073.
Total: 5.574000 ms (FindLiveObjects: 0.423600 ms CreateObjectMapping: 0.152100 ms MarkObjects: 4.950600 ms  DeleteObjects: 0.045200 ms)

AssetImportParameters requested are different than current active one (requested -> active):
  custom:framework-win-MediaFoundation: 216162199b28c13a410421893ffa2e32 -> 
  custom:video-decoder-ogg-theora: a1e56fd34408186e4bbccfd4996cb3dc -> 
  custom:container-muxer-webm: aa71ff27fc2769a1b78a27578f13a17b -> 
  custom:container-demuxer-webm: 4f35f7cbe854078d1ac9338744f61a02 -> 
  custom:container-demuxer-ogg: 62fdf1f143b41e24485cea50d1cbac27 -> 
  custom:video-encoder-webm-vp8: eb34c28f22e8b96e1ab97ce403110664 -> 
  custom:video-decoder-webm-vp8: 9c59270c3fd7afecdb556c50c9e8de78 -> 
  custom:audio-decoder-ogg-vorbis: bf7c407c2cedff20999df2af8eb42d56 -> 
  custom:audio-encoder-webm-vorbis: bf7c407c2cedff20999df2af8eb42d56 -> 
========================================================================
Received Import Request.
  Time since last request: 82.903149 seconds.
  path: Assets/Resources/Objects/palm.prefab
  artifactKey: Guid(1bc8c4d09d6d74841aa41df12bdc4120) Importer(815301076,1909f56bfc062723c751e8b465ee728b)
Start importing Assets/Resources/Objects/palm.prefab using Guid(1bc8c4d09d6d74841aa41df12bdc4120) Importer(815301076,1909f56bfc062723c751e8b465ee728b)  -> (artifact id: '133b1be3ff99681e93d24ecc04e2191e') in 0.134619 seconds 
========================================================================
Received Prepare
Registering precompiled user dll's ...
Registered in 0.006249 seconds.
Begin MonoManager ReloadAssembly
Native extension for WindowsStandalone target not found
Refreshing native plugins compatible for Editor in 0.67 ms, found 2 plugins.
Preloading 0 native plugins for Editor in 0.00 ms.
Mono: successfully reloaded assembly
- Completed reload, in  2.245 seconds
Domain Reload Profiling:
	ReloadAssembly (2246ms)
		BeginReloadAssembly (264ms)
			ExecutionOrderSort (0ms)
			DisableScriptedObjects (11ms)
			BackupInstance (0ms)
			ReleaseScriptingObjects (0ms)
			CreateAndSetChildDomain (72ms)
		EndReloadAssembly (1831ms)
			LoadAssemblies (247ms)
			RebuildTransferFunctionScriptingTraits (0ms)
			SetupTypeCache (574ms)
			ReleaseScriptCaches (1ms)
			RebuildScriptCaches (113ms)
			SetupLoadedEditorAssemblies (715ms)
				LogAssemblyErrors (0ms)
				InitializePlatformSupportModulesInManaged (11ms)
				SetLoadedEditorAssemblies (1ms)
				RefreshPlugins (1ms)
				BeforeProcessingInitializeOnLoad (186ms)
				ProcessInitializeOnLoadAttributes (479ms)
				ProcessInitializeOnLoadMethodAttributes (23ms)
				AfterProcessingInitializeOnLoad (12ms)
				EditorAssembliesLoaded (1ms)
			ExecutionOrderSort2 (0ms)
			AwakeInstancesAfterBackupRestoration (16ms)
Platform modules already initialized, skipping
Refreshing native plugins compatible for Editor in 0.68 ms, found 2 plugins.
Preloading 0 native plugins for Editor in 0.00 ms.
Unloading 1538 Unused Serialized files (Serialized files now loaded: 0)
System memory in use before: 83.9 MB.
System memory in use after: 84.1 MB.

Unloading 11 unused Assets to reduce memory usage. Loaded Objects now: 2077.
Total: 5.968600 ms (FindLiveObjects: 0.474600 ms CreateObjectMapping: 0.173700 ms MarkObjects: 5.271100 ms  DeleteObjects: 0.046800 ms)

AssetImportParameters requested are different than current active one (requested -> active):
  custom:framework-win-MediaFoundation: 216162199b28c13a410421893ffa2e32 -> 
  custom:video-decoder-ogg-theora: a1e56fd34408186e4bbccfd4996cb3dc -> 
  custom:container-muxer-webm: aa71ff27fc2769a1b78a27578f13a17b -> 
  custom:container-demuxer-webm: 4f35f7cbe854078d1ac9338744f61a02 -> 
  custom:container-demuxer-ogg: 62fdf1f143b41e24485cea50d1cbac27 -> 
  custom:video-encoder-webm-vp8: eb34c28f22e8b96e1ab97ce403110664 -> 
  custom:video-decoder-webm-vp8: 9c59270c3fd7afecdb556c50c9e8de78 -> 
  custom:audio-decoder-ogg-vorbis: bf7c407c2cedff20999df2af8eb42d56 -> 
  custom:audio-encoder-webm-vorbis: bf7c407c2cedff20999df2af8eb42d56 -> 
========================================================================
Received Import Request.
  Time since last request: 109.653002 seconds.
  path: Assets/Resources/Objects/palm.prefab
  artifactKey: Guid(1bc8c4d09d6d74841aa41df12bdc4120) Importer(815301076,1909f56bfc062723c751e8b465ee728b)
Start importing Assets/Resources/Objects/palm.prefab using Guid(1bc8c4d09d6d74841aa41df12bdc4120) Importer(815301076,1909f56bfc062723c751e8b465ee728b)  -> (artifact id: 'ad31dce900b57f21ade84fcb11ca6cf1') in 0.135293 seconds 
========================================================================
Received Prepare
Registering precompiled user dll's ...
Registered in 0.006198 seconds.
Begin MonoManager ReloadAssembly
Native extension for WindowsStandalone target not found
Refreshing native plugins compatible for Editor in 0.71 ms, found 2 plugins.
Preloading 0 native plugins for Editor in 0.00 ms.
Mono: successfully reloaded assembly
- Completed reload, in  2.213 seconds
Domain Reload Profiling:
	ReloadAssembly (2214ms)
		BeginReloadAssembly (243ms)
			ExecutionOrderSort (0ms)
			DisableScriptedObjects (11ms)
			BackupInstance (0ms)
			ReleaseScriptingObjects (0ms)
			CreateAndSetChildDomain (68ms)
		EndReloadAssembly (1834ms)
			LoadAssemblies (219ms)
			RebuildTransferFunctionScriptingTraits (0ms)
			SetupTypeCache (578ms)
			ReleaseScriptCaches (1ms)
			RebuildScriptCaches (101ms)
			SetupLoadedEditorAssemblies (748ms)
				LogAssemblyErrors (0ms)
				InitializePlatformSupportModulesInManaged (11ms)
				SetLoadedEditorAssemblies (2ms)
				RefreshPlugins (1ms)
				BeforeProcessingInitializeOnLoad (217ms)
				ProcessInitializeOnLoadAttributes (483ms)
				ProcessInitializeOnLoadMethodAttributes (21ms)
				AfterProcessingInitializeOnLoad (12ms)
				EditorAssembliesLoaded (1ms)
			ExecutionOrderSort2 (0ms)
			AwakeInstancesAfterBackupRestoration (15ms)
Platform modules already initialized, skipping
Refreshing native plugins compatible for Editor in 0.81 ms, found 2 plugins.
Preloading 0 native plugins for Editor in 0.00 ms.
Unloading 1538 Unused Serialized files (Serialized files now loaded: 0)
System memory in use before: 84.0 MB.
System memory in use after: 84.1 MB.

Unloading 11 unused Assets to reduce memory usage. Loaded Objects now: 2081.
Total: 5.484400 ms (FindLiveObjects: 0.417600 ms CreateObjectMapping: 0.190500 ms MarkObjects: 4.830500 ms  DeleteObjects: 0.043800 ms)

AssetImportParameters requested are different than current active one (requested -> active):
  custom:framework-win-MediaFoundation: 216162199b28c13a410421893ffa2e32 -> 
  custom:video-decoder-ogg-theora: a1e56fd34408186e4bbccfd4996cb3dc -> 
  custom:container-muxer-webm: aa71ff27fc2769a1b78a27578f13a17b -> 
  custom:container-demuxer-webm: 4f35f7cbe854078d1ac9338744f61a02 -> 
  custom:container-demuxer-ogg: 62fdf1f143b41e24485cea50d1cbac27 -> 
  custom:video-encoder-webm-vp8: eb34c28f22e8b96e1ab97ce403110664 -> 
  custom:video-decoder-webm-vp8: 9c59270c3fd7afecdb556c50c9e8de78 -> 
  custom:audio-decoder-ogg-vorbis: bf7c407c2cedff20999df2af8eb42d56 -> 
  custom:audio-encoder-webm-vorbis: bf7c407c2cedff20999df2af8eb42d56 -> 
========================================================================
Received Prepare
Registering precompiled user dll's ...
Registered in 0.005262 seconds.
Begin MonoManager ReloadAssembly
Native extension for WindowsStandalone target not found
Refreshing native plugins compatible for Editor in 0.71 ms, found 2 plugins.
Preloading 0 native plugins for Editor in 0.00 ms.
Mono: successfully reloaded assembly
- Completed reload, in  2.220 seconds
Domain Reload Profiling:
	ReloadAssembly (2221ms)
		BeginReloadAssembly (257ms)
			ExecutionOrderSort (0ms)
			DisableScriptedObjects (21ms)
			BackupInstance (0ms)
			ReleaseScriptingObjects (0ms)
			CreateAndSetChildDomain (68ms)
		EndReloadAssembly (1823ms)
			LoadAssemblies (221ms)
			RebuildTransferFunctionScriptingTraits (0ms)
			SetupTypeCache (559ms)
			ReleaseScriptCaches (1ms)
			RebuildScriptCaches (117ms)
			SetupLoadedEditorAssemblies (734ms)
				LogAssemblyErrors (0ms)
				InitializePlatformSupportModulesInManaged (13ms)
				SetLoadedEditorAssemblies (1ms)
				RefreshPlugins (1ms)
				BeforeProcessingInitializeOnLoad (180ms)
				ProcessInitializeOnLoadAttributes (504ms)
				ProcessInitializeOnLoadMethodAttributes (22ms)
				AfterProcessingInitializeOnLoad (12ms)
				EditorAssembliesLoaded (1ms)
			ExecutionOrderSort2 (0ms)
			AwakeInstancesAfterBackupRestoration (17ms)
Platform modules already initialized, skipping
Refreshing native plugins compatible for Editor in 2.17 ms, found 2 plugins.
Preloading 0 native plugins for Editor in 0.00 ms.
Unloading 1538 Unused Serialized files (Serialized files now loaded: 0)
System memory in use before: 84.0 MB.
System memory in use after: 84.1 MB.

Unloading 11 unused Assets to reduce memory usage. Loaded Objects now: 2084.
Total: 8.169300 ms (FindLiveObjects: 0.452100 ms CreateObjectMapping: 1.280800 ms MarkObjects: 6.388200 ms  DeleteObjects: 0.045700 ms)

AssetImportParameters requested are different than current active one (requested -> active):
  custom:framework-win-MediaFoundation: 216162199b28c13a410421893ffa2e32 -> 
  custom:video-decoder-ogg-theora: a1e56fd34408186e4bbccfd4996cb3dc -> 
  custom:container-muxer-webm: aa71ff27fc2769a1b78a27578f13a17b -> 
  custom:container-demuxer-webm: 4f35f7cbe854078d1ac9338744f61a02 -> 
  custom:container-demuxer-ogg: 62fdf1f143b41e24485cea50d1cbac27 -> 
  custom:video-encoder-webm-vp8: eb34c28f22e8b96e1ab97ce403110664 -> 
  custom:video-decoder-webm-vp8: 9c59270c3fd7afecdb556c50c9e8de78 -> 
  custom:audio-decoder-ogg-vorbis: bf7c407c2cedff20999df2af8eb42d56 -> 
  custom:audio-encoder-webm-vorbis: bf7c407c2cedff20999df2af8eb42d56 -> 
========================================================================
Received Prepare
Registering precompiled user dll's ...
Registered in 0.009933 seconds.
Begin MonoManager ReloadAssembly
Native extension for WindowsStandalone target not found
Refreshing native plugins compatible for Editor in 0.70 ms, found 2 plugins.
Preloading 0 native plugins for Editor in 0.00 ms.
Mono: successfully reloaded assembly
- Completed reload, in  2.284 seconds
Domain Reload Profiling:
	ReloadAssembly (2285ms)
		BeginReloadAssembly (278ms)
			ExecutionOrderSort (0ms)
			DisableScriptedObjects (11ms)
			BackupInstance (0ms)
			ReleaseScriptingObjects (0ms)
			CreateAndSetChildDomain (78ms)
		EndReloadAssembly (1854ms)
			LoadAssemblies (247ms)
			RebuildTransferFunctionScriptingTraits (0ms)
			SetupTypeCache (586ms)
			ReleaseScriptCaches (2ms)
			RebuildScriptCaches (110ms)
			SetupLoadedEditorAssemblies (730ms)
				LogAssemblyErrors (0ms)
				InitializePlatformSupportModulesInManaged (12ms)
				SetLoadedEditorAssemblies (1ms)
				RefreshPlugins (1ms)
				BeforeProcessingInitializeOnLoad (181ms)
				ProcessInitializeOnLoadAttributes (489ms)
				ProcessInitializeOnLoadMethodAttributes (31ms)
				AfterProcessingInitializeOnLoad (14ms)
				EditorAssembliesLoaded (1ms)
			ExecutionOrderSort2 (0ms)
			AwakeInstancesAfterBackupRestoration (17ms)
Platform modules already initialized, skipping
Refreshing native plugins compatible for Editor in 0.91 ms, found 2 plugins.
Preloading 0 native plugins for Editor in 0.00 ms.
Unloading 1538 Unused Serialized files (Serialized files now loaded: 0)
System memory in use before: 84.0 MB.
System memory in use after: 84.1 MB.

Unloading 11 unused Assets to reduce memory usage. Loaded Objects now: 2087.
Total: 6.343500 ms (FindLiveObjects: 0.467300 ms CreateObjectMapping: 0.170600 ms MarkObjects: 5.655700 ms  DeleteObjects: 0.047300 ms)

AssetImportParameters requested are different than current active one (requested -> active):
  custom:framework-win-MediaFoundation: 216162199b28c13a410421893ffa2e32 -> 
  custom:video-decoder-ogg-theora: a1e56fd34408186e4bbccfd4996cb3dc -> 
  custom:container-muxer-webm: aa71ff27fc2769a1b78a27578f13a17b -> 
  custom:container-demuxer-webm: 4f35f7cbe854078d1ac9338744f61a02 -> 
  custom:container-demuxer-ogg: 62fdf1f143b41e24485cea50d1cbac27 -> 
  custom:video-encoder-webm-vp8: eb34c28f22e8b96e1ab97ce403110664 -> 
  custom:video-decoder-webm-vp8: 9c59270c3fd7afecdb556c50c9e8de78 -> 
  custom:audio-decoder-ogg-vorbis: bf7c407c2cedff20999df2af8eb42d56 -> 
  custom:audio-encoder-webm-vorbis: bf7c407c2cedff20999df2af8eb42d56 -> 
========================================================================
Received Prepare
Registering precompiled user dll's ...
Registered in 0.006541 seconds.
Begin MonoManager ReloadAssembly
Native extension for WindowsStandalone target not found
Refreshing native plugins compatible for Editor in 0.66 ms, found 2 plugins.
Preloading 0 native plugins for Editor in 0.00 ms.
Mono: successfully reloaded assembly
- Completed reload, in  2.194 seconds
Domain Reload Profiling:
	ReloadAssembly (2195ms)
		BeginReloadAssembly (253ms)
			ExecutionOrderSort (0ms)
			DisableScriptedObjects (12ms)
			BackupInstance (0ms)
			ReleaseScriptingObjects (0ms)
			CreateAndSetChildDomain (66ms)
		EndReloadAssembly (1790ms)
			LoadAssemblies (237ms)
			RebuildTransferFunctionScriptingTraits (0ms)
			SetupTypeCache (565ms)
			ReleaseScriptCaches (1ms)
			RebuildScriptCaches (106ms)
			SetupLoadedEditorAssemblies (707ms)
				LogAssemblyErrors (0ms)
				InitializePlatformSupportModulesInManaged (11ms)
				SetLoadedEditorAssemblies (1ms)
				RefreshPlugins (1ms)
				BeforeProcessingInitializeOnLoad (184ms)
				ProcessInitializeOnLoadAttributes (474ms)
				ProcessInitializeOnLoadMethodAttributes (22ms)
				AfterProcessingInitializeOnLoad (13ms)
				EditorAssembliesLoaded (1ms)
			ExecutionOrderSort2 (0ms)
			AwakeInstancesAfterBackupRestoration (16ms)
Platform modules already initialized, skipping
Refreshing native plugins compatible for Editor in 0.74 ms, found 2 plugins.
Preloading 0 native plugins for Editor in 0.00 ms.
Unloading 1538 Unused Serialized files (Serialized files now loaded: 0)
System memory in use before: 84.0 MB.
System memory in use after: 84.1 MB.

Unloading 11 unused Assets to reduce memory usage. Loaded Objects now: 2090.
Total: 5.510900 ms (FindLiveObjects: 0.445200 ms CreateObjectMapping: 0.162400 ms MarkObjects: 4.854500 ms  DeleteObjects: 0.046200 ms)

AssetImportParameters requested are different than current active one (requested -> active):
  custom:framework-win-MediaFoundation: 216162199b28c13a410421893ffa2e32 -> 
  custom:video-decoder-ogg-theora: a1e56fd34408186e4bbccfd4996cb3dc -> 
  custom:container-muxer-webm: aa71ff27fc2769a1b78a27578f13a17b -> 
  custom:container-demuxer-webm: 4f35f7cbe854078d1ac9338744f61a02 -> 
  custom:container-demuxer-ogg: 62fdf1f143b41e24485cea50d1cbac27 -> 
  custom:video-encoder-webm-vp8: eb34c28f22e8b96e1ab97ce403110664 -> 
  custom:video-decoder-webm-vp8: 9c59270c3fd7afecdb556c50c9e8de78 -> 
  custom:audio-decoder-ogg-vorbis: bf7c407c2cedff20999df2af8eb42d56 -> 
  custom:audio-encoder-webm-vorbis: bf7c407c2cedff20999df2af8eb42d56 -> 
========================================================================
Received Import Request.
  Time since last request: 522.362172 seconds.
  path: Assets/Resources/Objects/Barrel.prefab
  artifactKey: Guid(ecfbf5514ef0d174cba6d8800002494f) Importer(815301076,1909f56bfc062723c751e8b465ee728b)
Start importing Assets/Resources/Objects/Barrel.prefab using Guid(ecfbf5514ef0d174cba6d8800002494f) Importer(815301076,1909f56bfc062723c751e8b465ee728b)  -> (artifact id: '88930fa2aa408f74b827bb40d638ac4a') in 0.166938 seconds 
========================================================================
Received Prepare
Registering precompiled user dll's ...
Registered in 0.013361 seconds.
Begin MonoManager ReloadAssembly
Native extension for WindowsStandalone target not found
Refreshing native plugins compatible for Editor in 0.70 ms, found 2 plugins.
Preloading 0 native plugins for Editor in 0.00 ms.
Mono: successfully reloaded assembly
- Completed reload, in  2.627 seconds
Domain Reload Profiling:
	ReloadAssembly (2628ms)
		BeginReloadAssembly (289ms)
			ExecutionOrderSort (0ms)
			DisableScriptedObjects (14ms)
			BackupInstance (0ms)
			ReleaseScriptingObjects (0ms)
			CreateAndSetChildDomain (75ms)
		EndReloadAssembly (2180ms)
			LoadAssemblies (267ms)
			RebuildTransferFunctionScriptingTraits (0ms)
			SetupTypeCache (816ms)
			ReleaseScriptCaches (2ms)
			RebuildScriptCaches (109ms)
			SetupLoadedEditorAssemblies (812ms)
				LogAssemblyErrors (0ms)
				InitializePlatformSupportModulesInManaged (27ms)
				SetLoadedEditorAssemblies (1ms)
				RefreshPlugins (1ms)
				BeforeProcessingInitializeOnLoad (219ms)
				ProcessInitializeOnLoadAttributes (527ms)
				ProcessInitializeOnLoadMethodAttributes (22ms)
				AfterProcessingInitializeOnLoad (14ms)
				EditorAssembliesLoaded (1ms)
			ExecutionOrderSort2 (0ms)
			AwakeInstancesAfterBackupRestoration (19ms)
Platform modules already initialized, skipping
Refreshing native plugins compatible for Editor in 0.71 ms, found 2 plugins.
Preloading 0 native plugins for Editor in 0.00 ms.
Unloading 1538 Unused Serialized files (Serialized files now loaded: 0)
System memory in use before: 84.0 MB.
System memory in use after: 84.1 MB.

Unloading 11 unused Assets to reduce memory usage. Loaded Objects now: 2094.
Total: 5.632400 ms (FindLiveObjects: 0.422300 ms CreateObjectMapping: 0.154900 ms MarkObjects: 5.005200 ms  DeleteObjects: 0.047700 ms)

AssetImportParameters requested are different than current active one (requested -> active):
  custom:framework-win-MediaFoundation: 216162199b28c13a410421893ffa2e32 -> 
  custom:video-decoder-ogg-theora: a1e56fd34408186e4bbccfd4996cb3dc -> 
  custom:container-muxer-webm: aa71ff27fc2769a1b78a27578f13a17b -> 
  custom:container-demuxer-webm: 4f35f7cbe854078d1ac9338744f61a02 -> 
  custom:container-demuxer-ogg: 62fdf1f143b41e24485cea50d1cbac27 -> 
  custom:video-encoder-webm-vp8: eb34c28f22e8b96e1ab97ce403110664 -> 
  custom:video-decoder-webm-vp8: 9c59270c3fd7afecdb556c50c9e8de78 -> 
  custom:audio-decoder-ogg-vorbis: bf7c407c2cedff20999df2af8eb42d56 -> 
  custom:audio-encoder-webm-vorbis: bf7c407c2cedff20999df2af8eb42d56 -> 
========================================================================
Received Import Request.
  Time since last request: 7578.059180 seconds.
  path: Assets/Meshes/Colt1911
  artifactKey: Guid(15cc401c64d764445a8baae4b8973ef9) Importer(815301076,1909f56bfc062723c751e8b465ee728b)
Start importing Assets/Meshes/Colt1911 using Guid(15cc401c64d764445a8baae4b8973ef9) Importer(815301076,1909f56bfc062723c751e8b465ee728b)  -> (artifact id: '695137e3b9e6b3025eeeeda73f104734') in 0.093031 seconds 
========================================================================
Received Import Request.
  Time since last request: 9.333460 seconds.
  path: Assets/Meshes/Colt1911/colt1911.png
  artifactKey: Guid(4177eb87ed33f734392783cc747461af) Importer(815301076,1909f56bfc062723c751e8b465ee728b)
Start importing Assets/Meshes/Colt1911/colt1911.png using Guid(4177eb87ed33f734392783cc747461af) Importer(815301076,1909f56bfc062723c751e8b465ee728b)  -> (artifact id: 'c95d8c23b66646b9f653d4222ca0b99b') in 0.264233 seconds 
========================================================================
Received Import Request.
  Time since last request: 38.433251 seconds.
  path: Assets/Meshes/Colt1911/colt1911.png
  artifactKey: Guid(4177eb87ed33f734392783cc747461af) Importer(815301076,1909f56bfc062723c751e8b465ee728b)
Start importing Assets/Meshes/Colt1911/colt1911.png using Guid(4177eb87ed33f734392783cc747461af) Importer(815301076,1909f56bfc062723c751e8b465ee728b)  -> (artifact id: '45c86c0d43306445f36fa6202fa53ea3') in 0.038448 seconds 
========================================================================
Received Import Request.
  Time since last request: 18.254755 seconds.
  path: Assets/Meshes/Colt1911/colt1911.mat
  artifactKey: Guid(50aae6baa57caf94f8517257839b6029) Importer(815301076,1909f56bfc062723c751e8b465ee728b)
Start importing Assets/Meshes/Colt1911/colt1911.mat using Guid(50aae6baa57caf94f8517257839b6029) Importer(815301076,1909f56bfc062723c751e8b465ee728b)  -> (artifact id: '20640391f84b0ab4926a3ed4522ddf56') in 0.118593 seconds 
========================================================================
Received Import Request.
  Time since last request: 274.203557 seconds.
  path: Assets/Textures/Menu/mask.png
  artifactKey: Guid(61f46c2c4c5a73f459dff029eb64320c) Importer(815301076,1909f56bfc062723c751e8b465ee728b)
Start importing Assets/Textures/Menu/mask.png using Guid(61f46c2c4c5a73f459dff029eb64320c) Importer(815301076,1909f56bfc062723c751e8b465ee728b)  -> (artifact id: '59c2b0f0426a7b2277e82501d26c55c8') in 0.130611 seconds 
========================================================================
Received Import Request.
  Time since last request: 17.808567 seconds.
  path: Assets/Textures/Menu/mask.png
  artifactKey: Guid(61f46c2c4c5a73f459dff029eb64320c) Importer(815301076,1909f56bfc062723c751e8b465ee728b)
Start importing Assets/Textures/Menu/mask.png using Guid(61f46c2c4c5a73f459dff029eb64320c) Importer(815301076,1909f56bfc062723c751e8b465ee728b)  -> (artifact id: '73787ef71aac6160104e4cdd24890358') in 0.052066 seconds 
========================================================================
Received Import Request.
  Time since last request: 136.054960 seconds.
  path: Assets/Textures/Menu/GunCenter.png
  artifactKey: Guid(bcfba752a8288b4429ad8b1d6bb53c11) Importer(815301076,1909f56bfc062723c751e8b465ee728b)
Start importing Assets/Textures/Menu/GunCenter.png using Guid(bcfba752a8288b4429ad8b1d6bb53c11) Importer(815301076,1909f56bfc062723c751e8b465ee728b)  -> (artifact id: 'abfb61679d2eca130b092cfa4a0aa5e3') in 0.031409 seconds 
========================================================================
Received Import Request.
  Time since last request: 186.141930 seconds.
  path: Assets/Textures/Menu/main menu.png
  artifactKey: Guid(e8bba6e98e9adc94a9348deb7f55593f) Importer(815301076,1909f56bfc062723c751e8b465ee728b)
Start importing Assets/Textures/Menu/main menu.png using Guid(e8bba6e98e9adc94a9348deb7f55593f) Importer(815301076,1909f56bfc062723c751e8b465ee728b)  -> (artifact id: 'c11248f66bed7b2c57f01d865d5d8524') in 0.052802 seconds 
========================================================================
Received Prepare
Registering precompiled user dll's ...
Registered in 0.110193 seconds.
Begin MonoManager ReloadAssembly
Native extension for WindowsStandalone target not found
Refreshing native plugins compatible for Editor in 0.71 ms, found 2 plugins.
Preloading 0 native plugins for Editor in 0.00 ms.
Mono: successfully reloaded assembly
- Completed reload, in  2.718 seconds
Domain Reload Profiling:
	ReloadAssembly (2719ms)
		BeginReloadAssembly (495ms)
			ExecutionOrderSort (0ms)
			DisableScriptedObjects (21ms)
			BackupInstance (0ms)
			ReleaseScriptingObjects (0ms)
			CreateAndSetChildDomain (190ms)
		EndReloadAssembly (2030ms)
			LoadAssemblies (290ms)
			RebuildTransferFunctionScriptingTraits (0ms)
			SetupTypeCache (681ms)
			ReleaseScriptCaches (2ms)
			RebuildScriptCaches (127ms)
			SetupLoadedEditorAssemblies (747ms)
				LogAssemblyErrors (0ms)
				InitializePlatformSupportModulesInManaged (11ms)
				SetLoadedEditorAssemblies (1ms)
				RefreshPlugins (1ms)
				BeforeProcessingInitializeOnLoad (197ms)
				ProcessInitializeOnLoadAttributes (501ms)
				ProcessInitializeOnLoadMethodAttributes (23ms)
				AfterProcessingInitializeOnLoad (13ms)
				EditorAssembliesLoaded (1ms)
			ExecutionOrderSort2 (0ms)
			AwakeInstancesAfterBackupRestoration (16ms)
Platform modules already initialized, skipping
Refreshing native plugins compatible for Editor in 1.11 ms, found 2 plugins.
Preloading 0 native plugins for Editor in 0.00 ms.
Unloading 1538 Unused Serialized files (Serialized files now loaded: 0)
System memory in use before: 84.0 MB.
System memory in use after: 84.1 MB.

Unloading 11 unused Assets to reduce memory usage. Loaded Objects now: 2109.
Total: 7.330800 ms (FindLiveObjects: 0.517500 ms CreateObjectMapping: 0.172300 ms MarkObjects: 6.591300 ms  DeleteObjects: 0.046900 ms)

AssetImportParameters requested are different than current active one (requested -> active):
  custom:framework-win-MediaFoundation: 216162199b28c13a410421893ffa2e32 -> 
  custom:video-decoder-ogg-theora: a1e56fd34408186e4bbccfd4996cb3dc -> 
  custom:container-muxer-webm: aa71ff27fc2769a1b78a27578f13a17b -> 
  custom:container-demuxer-webm: 4f35f7cbe854078d1ac9338744f61a02 -> 
  custom:container-demuxer-ogg: 62fdf1f143b41e24485cea50d1cbac27 -> 
  custom:video-encoder-webm-vp8: eb34c28f22e8b96e1ab97ce403110664 -> 
  custom:video-decoder-webm-vp8: 9c59270c3fd7afecdb556c50c9e8de78 -> 
  custom:audio-decoder-ogg-vorbis: bf7c407c2cedff20999df2af8eb42d56 -> 
  custom:audio-encoder-webm-vorbis: bf7c407c2cedff20999df2af8eb42d56 -> 
========================================================================
Received Import Request.
  Time since last request: 454.156814 seconds.
  path: Assets/Meshes/Colt1911/colt1911.mat
  artifactKey: Guid(50aae6baa57caf94f8517257839b6029) Importer(815301076,1909f56bfc062723c751e8b465ee728b)
Start importing Assets/Meshes/Colt1911/colt1911.mat using Guid(50aae6baa57caf94f8517257839b6029) Importer(815301076,1909f56bfc062723c751e8b465ee728b)  -> (artifact id: '9681c40db5a6191526dfc8ec16e777ff') in 0.244054 seconds 
========================================================================
Received Import Request.
  Time since last request: 8.629387 seconds.
  path: Assets/Meshes/Colt1911/v_colt1911.fbx
  artifactKey: Guid(83b33862359efa640975e54efab3a8aa) Importer(815301076,1909f56bfc062723c751e8b465ee728b)
Start importing Assets/Meshes/Colt1911/v_colt1911.fbx using Guid(83b33862359efa640975e54efab3a8aa) Importer(815301076,1909f56bfc062723c751e8b465ee728b)  -> (artifact id: 'af4d552f933658281432ebb1fccd85d8') in 0.358816 seconds 
========================================================================
Received Import Request.
  Time since last request: 9.696242 seconds.
  path: Assets/Meshes/Colt1911/v_colt1911.fbx
  artifactKey: Guid(83b33862359efa640975e54efab3a8aa) Importer(815301076,1909f56bfc062723c751e8b465ee728b)
Start importing Assets/Meshes/Colt1911/v_colt1911.fbx using Guid(83b33862359efa640975e54efab3a8aa) Importer(815301076,1909f56bfc062723c751e8b465ee728b)  -> (artifact id: '4915e26dfefca8fcb191fe2389ee9670') in 0.172871 seconds 
========================================================================
Received Import Request.
  Time since last request: 17.431350 seconds.
  path: Assets/Meshes/Hand
  artifactKey: Guid(92fa2ae492651574792ae6131d72f9b8) Importer(815301076,1909f56bfc062723c751e8b465ee728b)
Start importing Assets/Meshes/Hand using Guid(92fa2ae492651574792ae6131d72f9b8) Importer(815301076,1909f56bfc062723c751e8b465ee728b)  -> (artifact id: '20cc427e53a6d16638fc968877322bca') in 0.012932 seconds 
========================================================================
Received Import Request.
  Time since last request: 52.700484 seconds.
  path: Assets/Meshes/Hand/hand_material.png
  artifactKey: Guid(224c4898695397a46b74a18003b8c8b3) Importer(815301076,1909f56bfc062723c751e8b465ee728b)
Start importing Assets/Meshes/Hand/hand_material.png using Guid(224c4898695397a46b74a18003b8c8b3) Importer(815301076,1909f56bfc062723c751e8b465ee728b)  -> (artifact id: '5f9629ee2d83f1bc876086430a5bf43a') in 0.079791 seconds 
========================================================================
Received Import Request.
  Time since last request: 7.209556 seconds.
  path: Assets/Meshes/Hand/hand.mat
  artifactKey: Guid(4e8013f51b482874183c05c17b990df3) Importer(815301076,1909f56bfc062723c751e8b465ee728b)
Start importing Assets/Meshes/Hand/hand.mat using Guid(4e8013f51b482874183c05c17b990df3) Importer(815301076,1909f56bfc062723c751e8b465ee728b)  -> (artifact id: '0b065a38d2a69226717e45d0ed9a569d') in 0.035584 seconds 
========================================================================
Received Import Request.
  Time since last request: 12.111357 seconds.
  path: Assets/Meshes/Palm/palm_base.mat
  artifactKey: Guid(85d5698f486267e46baf60e348d5fb06) Importer(815301076,1909f56bfc062723c751e8b465ee728b)
Start importing Assets/Meshes/Palm/palm_base.mat using Guid(85d5698f486267e46baf60e348d5fb06) Importer(815301076,1909f56bfc062723c751e8b465ee728b)  -> (artifact id: '87310814d5c9de77f27512bd6e5b0bea') in 0.032038 seconds 
========================================================================
Received Import Request.
  Time since last request: 0.000468 seconds.
  path: Assets/Meshes/Palm/palm_leaf.mat
  artifactKey: Guid(e63da29d92a81ba4b9e92d5c80b89023) Importer(815301076,1909f56bfc062723c751e8b465ee728b)
Start importing Assets/Meshes/Palm/palm_leaf.mat using Guid(e63da29d92a81ba4b9e92d5c80b89023) Importer(815301076,1909f56bfc062723c751e8b465ee728b)  -> (artifact id: '179a32d9a501d89022fec8db6e159d6e') in 0.035088 seconds 
========================================================================
Received Import Request.
  Time since last request: 2.693612 seconds.
  path: Assets/Meshes/Colt1911/v_colt1911.fbx
  artifactKey: Guid(83b33862359efa640975e54efab3a8aa) Importer(815301076,1909f56bfc062723c751e8b465ee728b)
Start importing Assets/Meshes/Colt1911/v_colt1911.fbx using Guid(83b33862359efa640975e54efab3a8aa) Importer(815301076,1909f56bfc062723c751e8b465ee728b)  -> (artifact id: '6aef786d71a04e34b2755d174e7ca8d0') in 0.159632 seconds 
========================================================================
Received Import Request.
  Time since last request: 56.134358 seconds.
  path: ProjectSettings/TagManager.asset
  artifactKey: Guid(00000000000000003000000000000000) Importer(815301076,1909f56bfc062723c751e8b465ee728b)
Start importing ProjectSettings/TagManager.asset using Guid(00000000000000003000000000000000) Importer(815301076,1909f56bfc062723c751e8b465ee728b)  -> (artifact id: 'ce6a35c3cddc746e7501c0bd0ed6d4ce') in 0.027134 seconds 
========================================================================
Received Import Request.
  Time since last request: 197.855838 seconds.
  path: Assets/Meshes/Colt1911/colt1911.mat
  artifactKey: Guid(50aae6baa57caf94f8517257839b6029) Importer(815301076,1909f56bfc062723c751e8b465ee728b)
Start importing Assets/Meshes/Colt1911/colt1911.mat using Guid(50aae6baa57caf94f8517257839b6029) Importer(815301076,1909f56bfc062723c751e8b465ee728b)  -> (artifact id: 'cc24d58af4ac1bd076a262101ece7a12') in 0.096740 seconds 
========================================================================
Received Prepare
Registering precompiled user dll's ...
Registered in 0.008576 seconds.
Begin MonoManager ReloadAssembly
Native extension for WindowsStandalone target not found
Refreshing native plugins compatible for Editor in 1.93 ms, found 2 plugins.
Preloading 0 native plugins for Editor in 0.00 ms.
Mono: successfully reloaded assembly
- Completed reload, in  6.095 seconds
Domain Reload Profiling:
	ReloadAssembly (6097ms)
		BeginReloadAssembly (442ms)
			ExecutionOrderSort (0ms)
			DisableScriptedObjects (17ms)
			BackupInstance (0ms)
			ReleaseScriptingObjects (0ms)
			CreateAndSetChildDomain (113ms)
		EndReloadAssembly (5325ms)
			LoadAssemblies (430ms)
			RebuildTransferFunctionScriptingTraits (0ms)
			SetupTypeCache (1871ms)
			ReleaseScriptCaches (8ms)
			RebuildScriptCaches (265ms)
			SetupLoadedEditorAssemblies (2080ms)
				LogAssemblyErrors (0ms)
				InitializePlatformSupportModulesInManaged (39ms)
				SetLoadedEditorAssemblies (2ms)
				RefreshPlugins (2ms)
				BeforeProcessingInitializeOnLoad (573ms)
				ProcessInitializeOnLoadAttributes (1396ms)
				ProcessInitializeOnLoadMethodAttributes (47ms)
				AfterProcessingInitializeOnLoad (20ms)
				EditorAssembliesLoaded (1ms)
			ExecutionOrderSort2 (0ms)
			AwakeInstancesAfterBackupRestoration (25ms)
Platform modules already initialized, skipping
Refreshing native plugins compatible for Editor in 0.98 ms, found 2 plugins.
Preloading 0 native plugins for Editor in 0.00 ms.
Unloading 1538 Unused Serialized files (Serialized files now loaded: 0)
System memory in use before: 97.6 MB.
System memory in use after: 97.7 MB.

Unloading 12 unused Assets to reduce memory usage. Loaded Objects now: 2114.
Total: 9.658800 ms (FindLiveObjects: 0.479400 ms CreateObjectMapping: 0.162600 ms MarkObjects: 8.945500 ms  DeleteObjects: 0.068300 ms)

AssetImportParameters requested are different than current active one (requested -> active):
  custom:framework-win-MediaFoundation: 216162199b28c13a410421893ffa2e32 -> 
  custom:video-decoder-ogg-theora: a1e56fd34408186e4bbccfd4996cb3dc -> 
  custom:container-muxer-webm: aa71ff27fc2769a1b78a27578f13a17b -> 
  custom:container-demuxer-webm: 4f35f7cbe854078d1ac9338744f61a02 -> 
  custom:container-demuxer-ogg: 62fdf1f143b41e24485cea50d1cbac27 -> 
  custom:video-encoder-webm-vp8: eb34c28f22e8b96e1ab97ce403110664 -> 
  custom:video-decoder-webm-vp8: 9c59270c3fd7afecdb556c50c9e8de78 -> 
  custom:audio-decoder-ogg-vorbis: bf7c407c2cedff20999df2af8eb42d56 -> 
  custom:audio-encoder-webm-vorbis: bf7c407c2cedff20999df2af8eb42d56 -> 
========================================================================
Received Import Request.
  Time since last request: 946.119203 seconds.
  path: Assets/Meshes/Colt1911/colt1911.mat
  artifactKey: Guid(50aae6baa57caf94f8517257839b6029) Importer(815301076,1909f56bfc062723c751e8b465ee728b)
Start importing Assets/Meshes/Colt1911/colt1911.mat using Guid(50aae6baa57caf94f8517257839b6029) Importer(815301076,1909f56bfc062723c751e8b465ee728b)  -> (artifact id: '105f6aa61b849c1cfd9ae490bd895018') in 0.238771 seconds 
========================================================================
Received Prepare
Registering precompiled user dll's ...
Registered in 0.004828 seconds.
Begin MonoManager ReloadAssembly
Native extension for WindowsStandalone target not found
Refreshing native plugins compatible for Editor in 1.65 ms, found 2 plugins.
Preloading 0 native plugins for Editor in 0.00 ms.
Mono: successfully reloaded assembly
- Completed reload, in  3.233 seconds
Domain Reload Profiling:
	ReloadAssembly (3234ms)
		BeginReloadAssembly (478ms)
			ExecutionOrderSort (0ms)
			DisableScriptedObjects (16ms)
			BackupInstance (0ms)
			ReleaseScriptingObjects (0ms)
			CreateAndSetChildDomain (87ms)
		EndReloadAssembly (2573ms)
			LoadAssemblies (418ms)
			RebuildTransferFunctionScriptingTraits (0ms)
			SetupTypeCache (1045ms)
			ReleaseScriptCaches (2ms)
			RebuildScriptCaches (142ms)
			SetupLoadedEditorAssemblies (848ms)
				LogAssemblyErrors (0ms)
				InitializePlatformSupportModulesInManaged (14ms)
				SetLoadedEditorAssemblies (4ms)
				RefreshPlugins (2ms)
				BeforeProcessingInitializeOnLoad (229ms)
				ProcessInitializeOnLoadAttributes (561ms)
				ProcessInitializeOnLoadMethodAttributes (26ms)
				AfterProcessingInitializeOnLoad (13ms)
				EditorAssembliesLoaded (1ms)
			ExecutionOrderSort2 (0ms)
			AwakeInstancesAfterBackupRestoration (23ms)
Platform modules already initialized, skipping
Refreshing native plugins compatible for Editor in 0.70 ms, found 2 plugins.
Preloading 0 native plugins for Editor in 0.00 ms.
Unloading 1538 Unused Serialized files (Serialized files now loaded: 0)
System memory in use before: 97.6 MB.
System memory in use after: 97.7 MB.

Unloading 11 unused Assets to reduce memory usage. Loaded Objects now: 2118.
Total: 7.665200 ms (FindLiveObjects: 0.460100 ms CreateObjectMapping: 0.149500 ms MarkObjects: 7.009600 ms  DeleteObjects: 0.043600 ms)

AssetImportParameters requested are different than current active one (requested -> active):
  custom:framework-win-MediaFoundation: 216162199b28c13a410421893ffa2e32 -> 
  custom:video-decoder-ogg-theora: a1e56fd34408186e4bbccfd4996cb3dc -> 
  custom:container-muxer-webm: aa71ff27fc2769a1b78a27578f13a17b -> 
  custom:container-demuxer-webm: 4f35f7cbe854078d1ac9338744f61a02 -> 
  custom:container-demuxer-ogg: 62fdf1f143b41e24485cea50d1cbac27 -> 
  custom:video-encoder-webm-vp8: eb34c28f22e8b96e1ab97ce403110664 -> 
  custom:video-decoder-webm-vp8: 9c59270c3fd7afecdb556c50c9e8de78 -> 
  custom:audio-decoder-ogg-vorbis: bf7c407c2cedff20999df2af8eb42d56 -> 
  custom:audio-encoder-webm-vorbis: bf7c407c2cedff20999df2af8eb42d56 -> 
========================================================================
Received Import Request.
  Time since last request: 398.457085 seconds.
  path: Assets/TextMesh Pro/Fonts/20322 SDF.asset
  artifactKey: Guid(85b0cce770e7f604cb5a3f8f9c940aa5) Importer(815301076,1909f56bfc062723c751e8b465ee728b)
Start importing Assets/TextMesh Pro/Fonts/20322 SDF.asset using Guid(85b0cce770e7f604cb5a3f8f9c940aa5) Importer(815301076,1909f56bfc062723c751e8b465ee728b)  -> (artifact id: '948e5e5085a174df3deb066037d8c8a7') in 0.430498 seconds 
========================================================================
Received Prepare
Registering precompiled user dll's ...
Registered in 0.006724 seconds.
Begin MonoManager ReloadAssembly
Native extension for WindowsStandalone target not found
Refreshing native plugins compatible for Editor in 0.91 ms, found 2 plugins.
Preloading 0 native plugins for Editor in 0.00 ms.
Mono: successfully reloaded assembly
- Completed reload, in  2.401 seconds
Domain Reload Profiling:
	ReloadAssembly (2402ms)
		BeginReloadAssembly (301ms)
			ExecutionOrderSort (0ms)
			DisableScriptedObjects (9ms)
			BackupInstance (0ms)
			ReleaseScriptingObjects (0ms)
			CreateAndSetChildDomain (100ms)
		EndReloadAssembly (1951ms)
			LoadAssemblies (242ms)
			RebuildTransferFunctionScriptingTraits (0ms)
			SetupTypeCache (661ms)
			ReleaseScriptCaches (1ms)
			RebuildScriptCaches (110ms)
			SetupLoadedEditorAssemblies (752ms)
				LogAssemblyErrors (0ms)
				InitializePlatformSupportModulesInManaged (14ms)
				SetLoadedEditorAssemblies (1ms)
				RefreshPlugins (1ms)
				BeforeProcessingInitializeOnLoad (180ms)
				ProcessInitializeOnLoadAttributes (516ms)
				ProcessInitializeOnLoadMethodAttributes (25ms)
				AfterProcessingInitializeOnLoad (14ms)
				EditorAssembliesLoaded (1ms)
			ExecutionOrderSort2 (0ms)
			AwakeInstancesAfterBackupRestoration (17ms)
Platform modules already initialized, skipping
Refreshing native plugins compatible for Editor in 0.71 ms, found 2 plugins.
Preloading 0 native plugins for Editor in 0.00 ms.
Unloading 1538 Unused Serialized files (Serialized files now loaded: 0)
System memory in use before: 97.6 MB.
System memory in use after: 97.8 MB.

Unloading 11 unused Assets to reduce memory usage. Loaded Objects now: 2124.
Total: 5.791600 ms (FindLiveObjects: 0.465100 ms CreateObjectMapping: 0.155800 ms MarkObjects: 5.123200 ms  DeleteObjects: 0.044600 ms)

AssetImportParameters requested are different than current active one (requested -> active):
  custom:framework-win-MediaFoundation: 216162199b28c13a410421893ffa2e32 -> 
  custom:video-decoder-ogg-theora: a1e56fd34408186e4bbccfd4996cb3dc -> 
  custom:container-muxer-webm: aa71ff27fc2769a1b78a27578f13a17b -> 
  custom:container-demuxer-webm: 4f35f7cbe854078d1ac9338744f61a02 -> 
  custom:container-demuxer-ogg: 62fdf1f143b41e24485cea50d1cbac27 -> 
  custom:video-encoder-webm-vp8: eb34c28f22e8b96e1ab97ce403110664 -> 
  custom:video-decoder-webm-vp8: 9c59270c3fd7afecdb556c50c9e8de78 -> 
  custom:audio-decoder-ogg-vorbis: bf7c407c2cedff20999df2af8eb42d56 -> 
  custom:audio-encoder-webm-vorbis: bf7c407c2cedff20999df2af8eb42d56 -> 
========================================================================
Received Import Request.
  Time since last request: 358.203293 seconds.
  path: Assets/Textures/Menu/ScreenLiquid.mat
  artifactKey: Guid(867e31bfba4790e4b82df5f4a5b264fb) Importer(815301076,1909f56bfc062723c751e8b465ee728b)
Start importing Assets/Textures/Menu/ScreenLiquid.mat using Guid(867e31bfba4790e4b82df5f4a5b264fb) Importer(815301076,1909f56bfc062723c751e8b465ee728b)  -> (artifact id: 'ee879031aedc3dfe13636b91d83024ab') in 0.149088 seconds 
AssetImportWorkerClient::OnTransportError - code=2 error=End of file
